Дата/время функции: 2023-05-04 11:02:01.517562
Имя функции: hello_world
Аргументы: (), {}
Результат: Hello World
Дата/время функции: 2023-05-04 11:02:01.517562
Имя функции: summator
Аргументы: (2, 2), {}
Результат: 4
Дата/время функции: 2023-05-04 11:02:01.517562
Имя функции: div
Аргументы: (6, 2), {}
Результат: 3.0
Дата/время функции: 2023-05-04 11:02:33.341618
Имя функции: hello_world
Аргументы: (), {}
Результат: Hello World
Дата/время функции: 2023-05-04 11:02:33.341618
Имя функции: summator
Аргументы: (2, 2), {}
Результат: 4
Дата/время функции: 2023-05-04 11:02:33.341618
Имя функции: div
Аргументы: (6, 2), {}
Результат: 3.0
