Дата/время функции: 2023-05-04 11:03:23.950107
Имя функции: hello_world
Аргументы: (), {}
Результат: Hello World
Дата/время функции: 2023-05-04 11:03:23.950107
Имя функции: summator
Аргументы: (2, 2), {}
Результат: 4
Дата/время функции: 2023-05-04 11:03:23.950107
Имя функции: div
Аргументы: (6, 2), {}
Результат: 3.0
Дата/время функции: 2023-05-04 11:03:23.950107
Имя функции: summator
Аргументы: (4.3,), {'b': 2.2}
Результат: 6.5
Дата/время функции: 2023-05-04 11:03:23.950107
Имя функции: summator
Аргументы: (), {'a': 0, 'b': 0}
Результат: 0
